<?xml version="1.0" encoding="UTF-8"?>
<testsuite xmlns:xsi="http://www.w3.org/2001/XMLSchema-instance" xsi:noNamespaceSchemaLocation="https://maven.apache.org/surefire/maven-surefire-plugin/xsd/surefire-test-report-3.0.xsd" version="3.0" name="musicmania.backend.BackendApplicationTests" time="8.146" tests="1" errors="0" skipped="0" failures="0">
  <properties>
    <property name="java.specification.version" value="21"/>
    <property name="sun.jnu.encoding" value="UTF-8"/>
    <property name="java.class.path" value="/Users/roberthevesi/Coding/music-mania/music-mania-backend/target/test-classes:/Users/roberthevesi/Coding/music-mania/music-mania-backend/target/classes:/Users/roberthevesi/.m2/repository/com/fasterxml/jackson/core/jackson-databind/2.12.7.1/jackson-databind-2.12.7.1.jar:/Users/roberthevesi/.m2/repository/com/fasterxml/jackson/core/jackson-annotations/2.15.2/jackson-annotations-2.15.2.jar:/Users/roberthevesi/.m2/repository/com/fasterxml/jackson/core/jackson-core/2.15.2/jackson-core-2.15.2.jar:/Users/roberthevesi/.m2/repository/org/springframework/security/spring-security-oauth2-resource-server/6.1.5/spring-security-oauth2-resource-server-6.1.5.jar:/Users/roberthevesi/.m2/repository/org/springframework/security/spring-security-core/6.1.4/spring-security-core-6.1.4.jar:/Users/roberthevesi/.m2/repository/org/springframework/security/spring-security-crypto/6.1.4/spring-security-crypto-6.1.4.jar:/Users/roberthevesi/.m2/repository/org/springframework/spring-beans/6.0.12/spring-beans-6.0.12.jar:/Users/roberthevesi/.m2/repository/org/springframework/spring-context/6.0.12/spring-context-6.0.12.jar:/Users/roberthevesi/.m2/repository/org/springframework/spring-expression/6.0.12/spring-expression-6.0.12.jar:/Users/roberthevesi/.m2/repository/io/micrometer/micrometer-observation/1.11.4/micrometer-observation-1.11.4.jar:/Users/roberthevesi/.m2/repository/io/micrometer/micrometer-commons/1.11.4/micrometer-commons-1.11.4.jar:/Users/roberthevesi/.m2/repository/org/springframework/security/spring-security-oauth2-core/6.1.4/spring-security-oauth2-core-6.1.4.jar:/Users/roberthevesi/.m2/repository/org/springframework/security/spring-security-web/6.1.4/spring-security-web-6.1.4.jar:/Users/roberthevesi/.m2/repository/org/springframework/spring-core/6.0.12/spring-core-6.0.12.jar:/Users/roberthevesi/.m2/repository/org/springframework/spring-jcl/6.0.12/spring-jcl-6.0.12.jar:/Users/roberthevesi/.m2/repository/org/springframework/security/spring-security-oauth2-jose/6.1.5/spring-security-oauth2-jose-6.1.5.jar:/Users/roberthevesi/.m2/repository/com/nimbusds/nimbus-jose-jwt/9.24.4/nimbus-jose-jwt-9.24.4.jar:/Users/roberthevesi/.m2/repository/com/github/stephenc/jcip/jcip-annotations/1.0-1/jcip-annotations-1.0-1.jar:/Users/roberthevesi/.m2/repository/org/springframework/boot/spring-boot-starter-security/3.1.4/spring-boot-starter-security-3.1.4.jar:/Users/roberthevesi/.m2/repository/org/springframework/boot/spring-boot-starter/3.1.4/spring-boot-starter-3.1.4.jar:/Users/roberthevesi/.m2/repository/org/springframework/boot/spring-boot/3.1.4/spring-boot-3.1.4.jar:/Users/roberthevesi/.m2/repository/org/springframework/boot/spring-boot-autoconfigure/3.1.4/spring-boot-autoconfigure-3.1.4.jar:/Users/roberthevesi/.m2/repository/org/springframework/boot/spring-boot-starter-logging/3.1.4/spring-boot-starter-logging-3.1.4.jar:/Users/roberthevesi/.m2/repository/ch/qos/logback/logback-classic/1.4.11/logback-classic-1.4.11.jar:/Users/roberthevesi/.m2/repository/ch/qos/logback/logback-core/1.4.11/logback-core-1.4.11.jar:/Users/roberthevesi/.m2/repository/org/apache/logging/log4j/log4j-to-slf4j/2.20.0/log4j-to-slf4j-2.20.0.jar:/Users/roberthevesi/.m2/repository/org/apache/logging/log4j/log4j-api/2.20.0/log4j-api-2.20.0.jar:/Users/roberthevesi/.m2/repository/org/slf4j/jul-to-slf4j/2.0.9/jul-to-slf4j-2.0.9.jar:/Users/roberthevesi/.m2/repository/jakarta/annotation/jakarta.annotation-api/2.1.1/jakarta.annotation-api-2.1.1.jar:/Users/roberthevesi/.m2/repository/org/yaml/snakeyaml/1.33/snakeyaml-1.33.jar:/Users/roberthevesi/.m2/repository/org/springframework/spring-aop/6.0.12/spring-aop-6.0.12.jar:/Users/roberthevesi/.m2/repository/org/springframework/security/spring-security-config/6.1.4/spring-security-config-6.1.4.jar:/Users/roberthevesi/.m2/repository/com/google/firebase/firebase-admin/8.0.0/firebase-admin-8.0.0.jar:/Users/roberthevesi/.m2/repository/com/google/api-client/google-api-client/1.32.1/google-api-client-1.32.1.jar:/Users/roberthevesi/.m2/repository/com/google/oauth-client/google-oauth-client/1.31.5/google-oauth-client-1.31.5.jar:/Users/roberthevesi/.m2/repository/com/google/http-client/google-http-client-gson/1.39.2/google-http-client-gson-1.39.2.jar:/Users/roberthevesi/.m2/repository/com/google/http-client/google-http-client-apache-v2/1.39.2/google-http-client-apache-v2-1.39.2.jar:/Users/roberthevesi/.m2/repository/org/apache/httpcomponents/httpcore/4.4.16/httpcore-4.4.16.jar:/Users/roberthevesi/.m2/repository/org/apache/httpcomponents/httpclient/4.5.13/httpclient-4.5.13.jar:/Users/roberthevesi/.m2/repository/com/google/api-client/google-api-client-gson/1.32.1/google-api-client-gson-1.32.1.jar:/Users/roberthevesi/.m2/repository/com/google/http-client/google-http-client/1.39.2/google-http-client-1.39.2.jar:/Users/roberthevesi/.m2/repository/com/google/code/findbugs/jsr305/3.0.2/jsr305-3.0.2.jar:/Users/roberthevesi/.m2/repository/com/google/j2objc/j2objc-annotations/1.3/j2objc-annotations-1.3.jar:/Users/roberthevesi/.m2/repository/io/opencensus/opencensus-api/0.28.0/opencensus-api-0.28.0.jar:/Users/roberthevesi/.m2/repository/io/opencensus/opencensus-contrib-http-util/0.28.0/opencensus-contrib-http-util-0.28.0.jar:/Users/roberthevesi/.m2/repository/com/google/api/api-common/1.10.4/api-common-1.10.4.jar:/Users/roberthevesi/.m2/repository/javax/annotation/javax.annotation-api/1.3.2/javax.annotation-api-1.3.2.jar:/Users/roberthevesi/.m2/repository/com/google/auto/value/auto-value-annotations/1.8.1/auto-value-annotations-1.8.1.jar:/Users/roberthevesi/.m2/repository/com/google/auth/google-auth-library-oauth2-http/0.26.0/google-auth-library-oauth2-http-0.26.0.jar:/Users/roberthevesi/.m2/repository/com/google/auth/google-auth-library-credentials/0.26.0/google-auth-library-credentials-0.26.0.jar:/Users/roberthevesi/.m2/repository/com/google/cloud/google-cloud-storage/1.116.0/google-cloud-storage-1.116.0.jar:/Users/roberthevesi/.m2/repository/com/google/guava/failureaccess/1.0.1/failureaccess-1.0.1.jar:/Users/roberthevesi/.m2/repository/com/google/guava/listenablefuture/9999.0-empty-to-avoid-conflict-with-guava/listenablefuture-9999.0-empty-to-avoid-conflict-with-guava.jar:/Users/roberthevesi/.m2/repository/org/checkerframework/checker-compat-qual/2.5.5/checker-compat-qual-2.5.5.jar:/Users/roberthevesi/.m2/repository/com/google/errorprone/error_prone_annotations/2.7.1/error_prone_annotations-2.7.1.jar:/Users/roberthevesi/.m2/repository/com/google/http-client/google-http-client-jackson2/1.39.2/google-http-client-jackson2-1.39.2.jar:/Users/roberthevesi/.m2/repository/com/google/apis/google-api-services-storage/v1-rev20210127-1.31.0/google-api-services-storage-v1-rev20210127-1.31.0.jar:/Users/roberthevesi/.m2/repository/com/google/code/gson/gson/2.10.1/gson-2.10.1.jar:/Users/roberthevesi/.m2/repository/com/google/cloud/google-cloud-core/1.95.0/google-cloud-core-1.95.0.jar:/Users/roberthevesi/.m2/repository/com/google/api/grpc/proto-google-common-protos/2.3.2/proto-google-common-protos-2.3.2.jar:/Users/roberthevesi/.m2/repository/com/google/cloud/google-cloud-core-http/1.95.0/google-cloud-core-http-1.95.0.jar:/Users/roberthevesi/.m2/repository/com/google/http-client/google-http-client-appengine/1.39.2/google-http-client-appengine-1.39.2.jar:/Users/roberthevesi/.m2/repository/com/google/api/gax-httpjson/0.82.0/gax-httpjson-0.82.0.jar:/Users/roberthevesi/.m2/repository/com/google/api/gax/1.65.0/gax-1.65.0.jar:/Users/roberthevesi/.m2/repository/io/grpc/grpc-context/1.38.0/grpc-context-1.38.0.jar:/Users/roberthevesi/.m2/repository/com/google/api/grpc/proto-google-iam-v1/1.0.14/proto-google-iam-v1-1.0.14.jar:/Users/roberthevesi/.m2/repository/com/google/protobuf/protobuf-java/3.17.2/protobuf-java-3.17.2.jar:/Users/roberthevesi/.m2/repository/com/google/protobuf/protobuf-java-util/3.17.2/protobuf-java-util-3.17.2.jar:/Users/roberthevesi/.m2/repository/org/threeten/threetenbp/1.5.1/threetenbp-1.5.1.jar:/Users/roberthevesi/.m2/repository/com/google/cloud/google-cloud-firestore/2.5.1/google-cloud-firestore-2.5.1.jar:/Users/roberthevesi/.m2/repository/com/google/cloud/google-cloud-core-grpc/1.95.0/google-cloud-core-grpc-1.95.0.jar:/Users/roberthevesi/.m2/repository/io/grpc/grpc-core/1.38.0/grpc-core-1.38.0.jar:/Users/roberthevesi/.m2/repository/com/google/android/annotations/4.1.1.4/annotations-4.1.1.4.jar:/Users/roberthevesi/.m2/repository/io/perfmark/perfmark-api/0.23.0/perfmark-api-0.23.0.jar:/Users/roberthevesi/.m2/repository/commons-logging/commons-logging/1.2/commons-logging-1.2.jar:/Users/roberthevesi/.m2/repository/commons-codec/commons-codec/1.15/commons-codec-1.15.jar:/Users/roberthevesi/.m2/repository/com/google/api/grpc/proto-google-cloud-firestore-v1/2.5.1/proto-google-cloud-firestore-v1-2.5.1.jar:/Users/roberthevesi/.m2/repository/com/google/cloud/proto-google-cloud-firestore-bundle-v1/2.5.1/proto-google-cloud-firestore-bundle-v1-2.5.1.jar:/Users/roberthevesi/.m2/repository/io/opencensus/opencensus-contrib-grpc-util/0.28.0/opencensus-contrib-grpc-util-0.28.0.jar:/Users/roberthevesi/.m2/repository/io/grpc/grpc-protobuf/1.38.0/grpc-protobuf-1.38.0.jar:/Users/roberthevesi/.m2/repository/io/grpc/grpc-protobuf-lite/1.38.0/grpc-protobuf-lite-1.38.0.jar:/Users/roberthevesi/.m2/repository/org/codehaus/mojo/animal-sniffer-annotations/1.20/animal-sniffer-annotations-1.20.jar:/Users/roberthevesi/.m2/repository/io/grpc/grpc-api/1.38.0/grpc-api-1.38.0.jar:/Users/roberthevesi/.m2/repository/com/google/api/gax-grpc/1.65.0/gax-grpc-1.65.0.jar:/Users/roberthevesi/.m2/repository/io/grpc/grpc-auth/1.38.0/grpc-auth-1.38.0.jar:/Users/roberthevesi/.m2/repository/io/grpc/grpc-netty-shaded/1.38.0/grpc-netty-shaded-1.38.0.jar:/Users/roberthevesi/.m2/repository/io/grpc/grpc-alts/1.38.0/grpc-alts-1.38.0.jar:/Users/roberthevesi/.m2/repository/io/grpc/grpc-grpclb/1.38.0/grpc-grpclb-1.38.0.jar:/Users/roberthevesi/.m2/repository/org/conscrypt/conscrypt-openjdk-uber/2.5.1/conscrypt-openjdk-uber-2.5.1.jar:/Users/roberthevesi/.m2/repository/io/grpc/grpc-stub/1.38.0/grpc-stub-1.38.0.jar:/Users/roberthevesi/.m2/repository/com/google/guava/guava/30.1.1-android/guava-30.1.1-android.jar:/Users/roberthevesi/.m2/repository/org/slf4j/slf4j-api/2.0.9/slf4j-api-2.0.9.jar:/Users/roberthevesi/.m2/repository/io/netty/netty-codec-http/4.1.97.Final/netty-codec-http-4.1.97.Final.jar:/Users/roberthevesi/.m2/repository/io/netty/netty-common/4.1.97.Final/netty-common-4.1.97.Final.jar:/Users/roberthevesi/.m2/repository/io/netty/netty-buffer/4.1.97.Final/netty-buffer-4.1.97.Final.jar:/Users/roberthevesi/.m2/repository/io/netty/netty-codec/4.1.97.Final/netty-codec-4.1.97.Final.jar:/Users/roberthevesi/.m2/repository/io/netty/netty-handler/4.1.97.Final/netty-handler-4.1.97.Final.jar:/Users/roberthevesi/.m2/repository/io/netty/netty-resolver/4.1.97.Final/netty-resolver-4.1.97.Final.jar:/Users/roberthevesi/.m2/repository/io/netty/netty-transport-native-unix-common/4.1.97.Final/netty-transport-native-unix-common-4.1.97.Final.jar:/Users/roberthevesi/.m2/repository/io/netty/netty-transport/4.1.97.Final/netty-transport-4.1.97.Final.jar:/Users/roberthevesi/.m2/repository/org/springframework/boot/spring-boot-configuration-processor/3.1.4/spring-boot-configuration-processor-3.1.4.jar:/Users/roberthevesi/.m2/repository/com/jtransc/jtransc-rt/0.5.3/jtransc-rt-0.5.3.jar:/Users/roberthevesi/.m2/repository/com/jtransc/jtransc-rt-core/0.5.3/jtransc-rt-core-0.5.3.jar:/Users/roberthevesi/.m2/repository/com/jtransc/jtransc-annotations/0.5.3/jtransc-annotations-0.5.3.jar:/Users/roberthevesi/.m2/repository/org/springframework/boot/spring-boot-starter-data-jpa/3.1.4/spring-boot-starter-data-jpa-3.1.4.jar:/Users/roberthevesi/.m2/repository/org/springframework/boot/spring-boot-starter-aop/3.1.4/spring-boot-starter-aop-3.1.4.jar:/Users/roberthevesi/.m2/repository/org/aspectj/aspectjweaver/1.9.20/aspectjweaver-1.9.20.jar:/Users/roberthevesi/.m2/repository/org/springframework/boot/spring-boot-starter-jdbc/3.1.4/spring-boot-starter-jdbc-3.1.4.jar:/Users/roberthevesi/.m2/repository/com/zaxxer/HikariCP/5.0.1/HikariCP-5.0.1.jar:/Users/roberthevesi/.m2/repository/org/springframework/spring-jdbc/6.0.12/spring-jdbc-6.0.12.jar:/Users/roberthevesi/.m2/repository/org/hibernate/orm/hibernate-core/6.2.9.Final/hibernate-core-6.2.9.Final.jar:/Users/roberthevesi/.m2/repository/jakarta/persistence/jakarta.persistence-api/3.1.0/jakarta.persistence-api-3.1.0.jar:/Users/roberthevesi/.m2/repository/jakarta/transaction/jakarta.transaction-api/2.0.1/jakarta.transaction-api-2.0.1.jar:/Users/roberthevesi/.m2/repository/org/jboss/logging/jboss-logging/3.5.3.Final/jboss-logging-3.5.3.Final.jar:/Users/roberthevesi/.m2/repository/org/hibernate/common/hibernate-commons-annotations/6.0.6.Final/hibernate-commons-annotations-6.0.6.Final.jar:/Users/roberthevesi/.m2/repository/io/smallrye/jandex/3.0.5/jandex-3.0.5.jar:/Users/roberthevesi/.m2/repository/com/fasterxml/classmate/1.5.1/classmate-1.5.1.jar:/Users/roberthevesi/.m2/repository/net/bytebuddy/byte-buddy/1.14.8/byte-buddy-1.14.8.jar:/Users/roberthevesi/.m2/repository/org/glassfish/jaxb/jaxb-runtime/4.0.3/jaxb-runtime-4.0.3.jar:/Users/roberthevesi/.m2/repository/org/glassfish/jaxb/jaxb-core/4.0.3/jaxb-core-4.0.3.jar:/Users/roberthevesi/.m2/repository/org/eclipse/angus/angus-activation/2.0.1/angus-activation-2.0.1.jar:/Users/roberthevesi/.m2/repository/org/glassfish/jaxb/txw2/4.0.3/txw2-4.0.3.jar:/Users/roberthevesi/.m2/repository/com/sun/istack/istack-commons-runtime/4.1.2/istack-commons-runtime-4.1.2.jar:/Users/roberthevesi/.m2/repository/jakarta/inject/jakarta.inject-api/2.0.1/jakarta.inject-api-2.0.1.jar:/Users/roberthevesi/.m2/repository/org/antlr/antlr4-runtime/4.10.1/antlr4-runtime-4.10.1.jar:/Users/roberthevesi/.m2/repository/org/springframework/data/spring-data-jpa/3.1.4/spring-data-jpa-3.1.4.jar:/Users/roberthevesi/.m2/repository/org/springframework/data/spring-data-commons/3.1.4/spring-data-commons-3.1.4.jar:/Users/roberthevesi/.m2/repository/org/springframework/spring-orm/6.0.12/spring-orm-6.0.12.jar:/Users/roberthevesi/.m2/repository/org/springframework/spring-tx/6.0.12/spring-tx-6.0.12.jar:/Users/roberthevesi/.m2/repository/org/springframework/spring-aspects/6.0.12/spring-aspects-6.0.12.jar:/Users/roberthevesi/.m2/repository/org/postgresql/postgresql/42.6.0/postgresql-42.6.0.jar:/Users/roberthevesi/.m2/repository/org/checkerframework/checker-qual/3.31.0/checker-qual-3.31.0.jar:/Users/roberthevesi/.m2/repository/org/springframework/boot/spring-boot-starter-web/3.1.4/spring-boot-starter-web-3.1.4.jar:/Users/roberthevesi/.m2/repository/org/springframework/boot/spring-boot-starter-json/3.1.4/spring-boot-starter-json-3.1.4.jar:/Users/roberthevesi/.m2/repository/com/fasterxml/jackson/datatype/jackson-datatype-jdk8/2.15.2/jackson-datatype-jdk8-2.15.2.jar:/Users/roberthevesi/.m2/repository/com/fasterxml/jackson/datatype/jackson-datatype-jsr310/2.15.2/jackson-datatype-jsr310-2.15.2.jar:/Users/roberthevesi/.m2/repository/com/fasterxml/jackson/module/jackson-module-parameter-names/2.15.2/jackson-module-parameter-names-2.15.2.jar:/Users/roberthevesi/.m2/repository/org/springframework/boot/spring-boot-starter-tomcat/3.1.4/spring-boot-starter-tomcat-3.1.4.jar:/Users/roberthevesi/.m2/repository/org/apache/tomcat/embed/tomcat-embed-core/10.1.13/tomcat-embed-core-10.1.13.jar:/Users/roberthevesi/.m2/repository/org/apache/tomcat/embed/tomcat-embed-el/10.1.13/tomcat-embed-el-10.1.13.jar:/Users/roberthevesi/.m2/repository/org/apache/tomcat/embed/tomcat-embed-websocket/10.1.13/tomcat-embed-websocket-10.1.13.jar:/Users/roberthevesi/.m2/repository/org/springframework/spring-web/6.0.12/spring-web-6.0.12.jar:/Users/roberthevesi/.m2/repository/org/springframework/spring-webmvc/6.0.12/spring-webmvc-6.0.12.jar:/Users/roberthevesi/.m2/repository/org/springframework/boot/spring-boot-starter-test/3.1.4/spring-boot-starter-test-3.1.4.jar:/Users/roberthevesi/.m2/repository/org/springframework/boot/spring-boot-test/3.1.4/spring-boot-test-3.1.4.jar:/Users/roberthevesi/.m2/repository/org/springframework/boot/spring-boot-test-autoconfigure/3.1.4/spring-boot-test-autoconfigure-3.1.4.jar:/Users/roberthevesi/.m2/repository/com/jayway/jsonpath/json-path/2.8.0/json-path-2.8.0.jar:/Users/roberthevesi/.m2/repository/jakarta/xml/bind/jakarta.xml.bind-api/4.0.1/jakarta.xml.bind-api-4.0.1.jar:/Users/roberthevesi/.m2/repository/jakarta/activation/jakarta.activation-api/2.1.2/jakarta.activation-api-2.1.2.jar:/Users/roberthevesi/.m2/repository/net/minidev/json-smart/2.4.11/json-smart-2.4.11.jar:/Users/roberthevesi/.m2/repository/net/minidev/accessors-smart/2.4.11/accessors-smart-2.4.11.jar:/Users/roberthevesi/.m2/repository/org/ow2/asm/asm/9.3/asm-9.3.jar:/Users/roberthevesi/.m2/repository/org/assertj/assertj-core/3.24.2/assertj-core-3.24.2.jar:/Users/roberthevesi/.m2/repository/org/hamcrest/hamcrest/2.2/hamcrest-2.2.jar:/Users/roberthevesi/.m2/repository/org/junit/jupiter/junit-jupiter/5.9.3/junit-jupiter-5.9.3.jar:/Users/roberthevesi/.m2/repository/org/junit/jupiter/junit-jupiter-api/5.9.3/junit-jupiter-api-5.9.3.jar:/Users/roberthevesi/.m2/repository/org/opentest4j/opentest4j/1.2.0/opentest4j-1.2.0.jar:/Users/roberthevesi/.m2/repository/org/junit/platform/junit-platform-commons/1.9.3/junit-platform-commons-1.9.3.jar:/Users/roberthevesi/.m2/repository/org/apiguardian/apiguardian-api/1.1.2/apiguardian-api-1.1.2.jar:/Users/roberthevesi/.m2/repository/org/junit/jupiter/junit-jupiter-params/5.9.3/junit-jupiter-params-5.9.3.jar:/Users/roberthevesi/.m2/repository/org/junit/jupiter/junit-jupiter-engine/5.9.3/junit-jupiter-engine-5.9.3.jar:/Users/roberthevesi/.m2/repository/org/junit/platform/junit-platform-engine/1.9.3/junit-platform-engine-1.9.3.jar:/Users/roberthevesi/.m2/repository/org/mockito/mockito-core/5.3.1/mockito-core-5.3.1.jar:/Users/roberthevesi/.m2/repository/net/bytebuddy/byte-buddy-agent/1.14.8/byte-buddy-agent-1.14.8.jar:/Users/roberthevesi/.m2/repository/org/objenesis/objenesis/3.3/objenesis-3.3.jar:/Users/roberthevesi/.m2/repository/org/mockito/mockito-junit-jupiter/5.3.1/mockito-junit-jupiter-5.3.1.jar:/Users/roberthevesi/.m2/repository/org/skyscreamer/jsonassert/1.5.1/jsonassert-1.5.1.jar:/Users/roberthevesi/.m2/repository/com/vaadin/external/google/android-json/0.0.20131108.vaadin1/android-json-0.0.20131108.vaadin1.jar:/Users/roberthevesi/.m2/repository/org/springframework/spring-test/6.0.12/spring-test-6.0.12.jar:/Users/roberthevesi/.m2/repository/org/xmlunit/xmlunit-core/2.9.1/xmlunit-core-2.9.1.jar:"/>
    <property name="java.vm.vendor" value="Homebrew"/>
    <property name="sun.arch.data.model" value="64"/>
    <property name="java.vendor.url" value="https://github.com/Homebrew/homebrew-core/issues"/>
    <property name="user.timezone" value="Europe/Bucharest"/>
    <property name="org.jboss.logging.provider" value="slf4j"/>
    <property name="os.name" value="Mac OS X"/>
    <property name="java.vm.specification.version" value="21"/>
    <property name="sun.java.launcher" value="SUN_STANDARD"/>
    <property name="user.country" value="GB"/>
    <property name="sun.boot.library.path" value="/usr/local/Cellar/openjdk/21/libexec/openjdk.jdk/Contents/Home/lib"/>
    <property name="sun.java.command" value="/Users/roberthevesi/Coding/music-mania/music-mania-backend/target/surefire/surefirebooter-20231117001130574_3.jar /Users/roberthevesi/Coding/music-mania/music-mania-backend/target/surefire 2023-11-17T00-11-28_687-jvmRun1 surefire-20231117001130574_1tmp surefire_0-20231117001130574_2tmp"/>
    <property name="http.nonProxyHosts" value="local|*.local|169.254/16|*.169.254/16"/>
    <property name="jdk.debug" value="release"/>
    <property name="surefire.test.class.path" value="/Users/roberthevesi/Coding/music-mania/music-mania-backend/target/test-classes:/Users/roberthevesi/Coding/music-mania/music-mania-backend/target/classes:/Users/roberthevesi/.m2/repository/com/fasterxml/jackson/core/jackson-databind/2.12.7.1/jackson-databind-2.12.7.1.jar:/Users/roberthevesi/.m2/repository/com/fasterxml/jackson/core/jackson-annotations/2.15.2/jackson-annotations-2.15.2.jar:/Users/roberthevesi/.m2/repository/com/fasterxml/jackson/core/jackson-core/2.15.2/jackson-core-2.15.2.jar:/Users/roberthevesi/.m2/repository/org/springframework/security/spring-security-oauth2-resource-server/6.1.5/spring-security-oauth2-resource-server-6.1.5.jar:/Users/roberthevesi/.m2/repository/org/springframework/security/spring-security-core/6.1.4/spring-security-core-6.1.4.jar:/Users/roberthevesi/.m2/repository/org/springframework/security/spring-security-crypto/6.1.4/spring-security-crypto-6.1.4.jar:/Users/roberthevesi/.m2/repository/org/springframework/spring-beans/6.0.12/spring-beans-6.0.12.jar:/Users/roberthevesi/.m2/repository/org/springframework/spring-context/6.0.12/spring-context-6.0.12.jar:/Users/roberthevesi/.m2/repository/org/springframework/spring-expression/6.0.12/spring-expression-6.0.12.jar:/Users/roberthevesi/.m2/repository/io/micrometer/micrometer-observation/1.11.4/micrometer-observation-1.11.4.jar:/Users/roberthevesi/.m2/repository/io/micrometer/micrometer-commons/1.11.4/micrometer-commons-1.11.4.jar:/Users/roberthevesi/.m2/repository/org/springframework/security/spring-security-oauth2-core/6.1.4/spring-security-oauth2-core-6.1.4.jar:/Users/roberthevesi/.m2/repository/org/springframework/security/spring-security-web/6.1.4/spring-security-web-6.1.4.jar:/Users/roberthevesi/.m2/repository/org/springframework/spring-core/6.0.12/spring-core-6.0.12.jar:/Users/roberthevesi/.m2/repository/org/springframework/spring-jcl/6.0.12/spring-jcl-6.0.12.jar:/Users/roberthevesi/.m2/repository/org/springframework/security/spring-security-oauth2-jose/6.1.5/spring-security-oauth2-jose-6.1.5.jar:/Users/roberthevesi/.m2/repository/com/nimbusds/nimbus-jose-jwt/9.24.4/nimbus-jose-jwt-9.24.4.jar:/Users/roberthevesi/.m2/repository/com/github/stephenc/jcip/jcip-annotations/1.0-1/jcip-annotations-1.0-1.jar:/Users/roberthevesi/.m2/repository/org/springframework/boot/spring-boot-starter-security/3.1.4/spring-boot-starter-security-3.1.4.jar:/Users/roberthevesi/.m2/repository/org/springframework/boot/spring-boot-starter/3.1.4/spring-boot-starter-3.1.4.jar:/Users/roberthevesi/.m2/repository/org/springframework/boot/spring-boot/3.1.4/spring-boot-3.1.4.jar:/Users/roberthevesi/.m2/repository/org/springframework/boot/spring-boot-autoconfigure/3.1.4/spring-boot-autoconfigure-3.1.4.jar:/Users/roberthevesi/.m2/repository/org/springframework/boot/spring-boot-starter-logging/3.1.4/spring-boot-starter-logging-3.1.4.jar:/Users/roberthevesi/.m2/repository/ch/qos/logback/logback-classic/1.4.11/logback-classic-1.4.11.jar:/Users/roberthevesi/.m2/repository/ch/qos/logback/logback-core/1.4.11/logback-core-1.4.11.jar:/Users/roberthevesi/.m2/repository/org/apache/logging/log4j/log4j-to-slf4j/2.20.0/log4j-to-slf4j-2.20.0.jar:/Users/roberthevesi/.m2/repository/org/apache/logging/log4j/log4j-api/2.20.0/log4j-api-2.20.0.jar:/Users/roberthevesi/.m2/repository/org/slf4j/jul-to-slf4j/2.0.9/jul-to-slf4j-2.0.9.jar:/Users/roberthevesi/.m2/repository/jakarta/annotation/jakarta.annotation-api/2.1.1/jakarta.annotation-api-2.1.1.jar:/Users/roberthevesi/.m2/repository/org/yaml/snakeyaml/1.33/snakeyaml-1.33.jar:/Users/roberthevesi/.m2/repository/org/springframework/spring-aop/6.0.12/spring-aop-6.0.12.jar:/Users/roberthevesi/.m2/repository/org/springframework/security/spring-security-config/6.1.4/spring-security-config-6.1.4.jar:/Users/roberthevesi/.m2/repository/com/google/firebase/firebase-admin/8.0.0/firebase-admin-8.0.0.jar:/Users/roberthevesi/.m2/repository/com/google/api-client/google-api-client/1.32.1/google-api-client-1.32.1.jar:/Users/roberthevesi/.m2/repository/com/google/oauth-client/google-oauth-client/1.31.5/google-oauth-client-1.31.5.jar:/Users/roberthevesi/.m2/repository/com/google/http-client/google-http-client-gson/1.39.2/google-http-client-gson-1.39.2.jar:/Users/roberthevesi/.m2/repository/com/google/http-client/google-http-client-apache-v2/1.39.2/google-http-client-apache-v2-1.39.2.jar:/Users/roberthevesi/.m2/repository/org/apache/httpcomponents/httpcore/4.4.16/httpcore-4.4.16.jar:/Users/roberthevesi/.m2/repository/org/apache/httpcomponents/httpclient/4.5.13/httpclient-4.5.13.jar:/Users/roberthevesi/.m2/repository/com/google/api-client/google-api-client-gson/1.32.1/google-api-client-gson-1.32.1.jar:/Users/roberthevesi/.m2/repository/com/google/http-client/google-http-client/1.39.2/google-http-client-1.39.2.jar:/Users/roberthevesi/.m2/repository/com/google/code/findbugs/jsr305/3.0.2/jsr305-3.0.2.jar:/Users/roberthevesi/.m2/repository/com/google/j2objc/j2objc-annotations/1.3/j2objc-annotations-1.3.jar:/Users/roberthevesi/.m2/repository/io/opencensus/opencensus-api/0.28.0/opencensus-api-0.28.0.jar:/Users/roberthevesi/.m2/repository/io/opencensus/opencensus-contrib-http-util/0.28.0/opencensus-contrib-http-util-0.28.0.jar:/Users/roberthevesi/.m2/repository/com/google/api/api-common/1.10.4/api-common-1.10.4.jar:/Users/roberthevesi/.m2/repository/javax/annotation/javax.annotation-api/1.3.2/javax.annotation-api-1.3.2.jar:/Users/roberthevesi/.m2/repository/com/google/auto/value/auto-value-annotations/1.8.1/auto-value-annotations-1.8.1.jar:/Users/roberthevesi/.m2/repository/com/google/auth/google-auth-library-oauth2-http/0.26.0/google-auth-library-oauth2-http-0.26.0.jar:/Users/roberthevesi/.m2/repository/com/google/auth/google-auth-library-credentials/0.26.0/google-auth-library-credentials-0.26.0.jar:/Users/roberthevesi/.m2/repository/com/google/cloud/google-cloud-storage/1.116.0/google-cloud-storage-1.116.0.jar:/Users/roberthevesi/.m2/repository/com/google/guava/failureaccess/1.0.1/failureaccess-1.0.1.jar:/Users/roberthevesi/.m2/repository/com/google/guava/listenablefuture/9999.0-empty-to-avoid-conflict-with-guava/listenablefuture-9999.0-empty-to-avoid-conflict-with-guava.jar:/Users/roberthevesi/.m2/repository/org/checkerframework/checker-compat-qual/2.5.5/checker-compat-qual-2.5.5.jar:/Users/roberthevesi/.m2/repository/com/google/errorprone/error_prone_annotations/2.7.1/error_prone_annotations-2.7.1.jar:/Users/roberthevesi/.m2/repository/com/google/http-client/google-http-client-jackson2/1.39.2/google-http-client-jackson2-1.39.2.jar:/Users/roberthevesi/.m2/repository/com/google/apis/google-api-services-storage/v1-rev20210127-1.31.0/google-api-services-storage-v1-rev20210127-1.31.0.jar:/Users/roberthevesi/.m2/repository/com/google/code/gson/gson/2.10.1/gson-2.10.1.jar:/Users/roberthevesi/.m2/repository/com/google/cloud/google-cloud-core/1.95.0/google-cloud-core-1.95.0.jar:/Users/roberthevesi/.m2/repository/com/google/api/grpc/proto-google-common-protos/2.3.2/proto-google-common-protos-2.3.2.jar:/Users/roberthevesi/.m2/repository/com/google/cloud/google-cloud-core-http/1.95.0/google-cloud-core-http-1.95.0.jar:/Users/roberthevesi/.m2/repository/com/google/http-client/google-http-client-appengine/1.39.2/google-http-client-appengine-1.39.2.jar:/Users/roberthevesi/.m2/repository/com/google/api/gax-httpjson/0.82.0/gax-httpjson-0.82.0.jar:/Users/roberthevesi/.m2/repository/com/google/api/gax/1.65.0/gax-1.65.0.jar:/Users/roberthevesi/.m2/repository/io/grpc/grpc-context/1.38.0/grpc-context-1.38.0.jar:/Users/roberthevesi/.m2/repository/com/google/api/grpc/proto-google-iam-v1/1.0.14/proto-google-iam-v1-1.0.14.jar:/Users/roberthevesi/.m2/repository/com/google/protobuf/protobuf-java/3.17.2/protobuf-java-3.17.2.jar:/Users/roberthevesi/.m2/repository/com/google/protobuf/protobuf-java-util/3.17.2/protobuf-java-util-3.17.2.jar:/Users/roberthevesi/.m2/repository/org/threeten/threetenbp/1.5.1/threetenbp-1.5.1.jar:/Users/roberthevesi/.m2/repository/com/google/cloud/google-cloud-firestore/2.5.1/google-cloud-firestore-2.5.1.jar:/Users/roberthevesi/.m2/repository/com/google/cloud/google-cloud-core-grpc/1.95.0/google-cloud-core-grpc-1.95.0.jar:/Users/roberthevesi/.m2/repository/io/grpc/grpc-core/1.38.0/grpc-core-1.38.0.jar:/Users/roberthevesi/.m2/repository/com/google/android/annotations/4.1.1.4/annotations-4.1.1.4.jar:/Users/roberthevesi/.m2/repository/io/perfmark/perfmark-api/0.23.0/perfmark-api-0.23.0.jar:/Users/roberthevesi/.m2/repository/commons-logging/commons-logging/1.2/commons-logging-1.2.jar:/Users/roberthevesi/.m2/repository/commons-codec/commons-codec/1.15/commons-codec-1.15.jar:/Users/roberthevesi/.m2/repository/com/google/api/grpc/proto-google-cloud-firestore-v1/2.5.1/proto-google-cloud-firestore-v1-2.5.1.jar:/Users/roberthevesi/.m2/repository/com/google/cloud/proto-google-cloud-firestore-bundle-v1/2.5.1/proto-google-cloud-firestore-bundle-v1-2.5.1.jar:/Users/roberthevesi/.m2/repository/io/opencensus/opencensus-contrib-grpc-util/0.28.0/opencensus-contrib-grpc-util-0.28.0.jar:/Users/roberthevesi/.m2/repository/io/grpc/grpc-protobuf/1.38.0/grpc-protobuf-1.38.0.jar:/Users/roberthevesi/.m2/repository/io/grpc/grpc-protobuf-lite/1.38.0/grpc-protobuf-lite-1.38.0.jar:/Users/roberthevesi/.m2/repository/org/codehaus/mojo/animal-sniffer-annotations/1.20/animal-sniffer-annotations-1.20.jar:/Users/roberthevesi/.m2/repository/io/grpc/grpc-api/1.38.0/grpc-api-1.38.0.jar:/Users/roberthevesi/.m2/repository/com/google/api/gax-grpc/1.65.0/gax-grpc-1.65.0.jar:/Users/roberthevesi/.m2/repository/io/grpc/grpc-auth/1.38.0/grpc-auth-1.38.0.jar:/Users/roberthevesi/.m2/repository/io/grpc/grpc-netty-shaded/1.38.0/grpc-netty-shaded-1.38.0.jar:/Users/roberthevesi/.m2/repository/io/grpc/grpc-alts/1.38.0/grpc-alts-1.38.0.jar:/Users/roberthevesi/.m2/repository/io/grpc/grpc-grpclb/1.38.0/grpc-grpclb-1.38.0.jar:/Users/roberthevesi/.m2/repository/org/conscrypt/conscrypt-openjdk-uber/2.5.1/conscrypt-openjdk-uber-2.5.1.jar:/Users/roberthevesi/.m2/repository/io/grpc/grpc-stub/1.38.0/grpc-stub-1.38.0.jar:/Users/roberthevesi/.m2/repository/com/google/guava/guava/30.1.1-android/guava-30.1.1-android.jar:/Users/roberthevesi/.m2/repository/org/slf4j/slf4j-api/2.0.9/slf4j-api-2.0.9.jar:/Users/roberthevesi/.m2/repository/io/netty/netty-codec-http/4.1.97.Final/netty-codec-http-4.1.97.Final.jar:/Users/roberthevesi/.m2/repository/io/netty/netty-common/4.1.97.Final/netty-common-4.1.97.Final.jar:/Users/roberthevesi/.m2/repository/io/netty/netty-buffer/4.1.97.Final/netty-buffer-4.1.97.Final.jar:/Users/roberthevesi/.m2/repository/io/netty/netty-codec/4.1.97.Final/netty-codec-4.1.97.Final.jar:/Users/roberthevesi/.m2/repository/io/netty/netty-handler/4.1.97.Final/netty-handler-4.1.97.Final.jar:/Users/roberthevesi/.m2/repository/io/netty/netty-resolver/4.1.97.Final/netty-resolver-4.1.97.Final.jar:/Users/roberthevesi/.m2/repository/io/netty/netty-transport-native-unix-common/4.1.97.Final/netty-transport-native-unix-common-4.1.97.Final.jar:/Users/roberthevesi/.m2/repository/io/netty/netty-transport/4.1.97.Final/netty-transport-4.1.97.Final.jar:/Users/roberthevesi/.m2/repository/org/springframework/boot/spring-boot-configuration-processor/3.1.4/spring-boot-configuration-processor-3.1.4.jar:/Users/roberthevesi/.m2/repository/com/jtransc/jtransc-rt/0.5.3/jtransc-rt-0.5.3.jar:/Users/roberthevesi/.m2/repository/com/jtransc/jtransc-rt-core/0.5.3/jtransc-rt-core-0.5.3.jar:/Users/roberthevesi/.m2/repository/com/jtransc/jtransc-annotations/0.5.3/jtransc-annotations-0.5.3.jar:/Users/roberthevesi/.m2/repository/org/springframework/boot/spring-boot-starter-data-jpa/3.1.4/spring-boot-starter-data-jpa-3.1.4.jar:/Users/roberthevesi/.m2/repository/org/springframework/boot/spring-boot-starter-aop/3.1.4/spring-boot-starter-aop-3.1.4.jar:/Users/roberthevesi/.m2/repository/org/aspectj/aspectjweaver/1.9.20/aspectjweaver-1.9.20.jar:/Users/roberthevesi/.m2/repository/org/springframework/boot/spring-boot-starter-jdbc/3.1.4/spring-boot-starter-jdbc-3.1.4.jar:/Users/roberthevesi/.m2/repository/com/zaxxer/HikariCP/5.0.1/HikariCP-5.0.1.jar:/Users/roberthevesi/.m2/repository/org/springframework/spring-jdbc/6.0.12/spring-jdbc-6.0.12.jar:/Users/roberthevesi/.m2/repository/org/hibernate/orm/hibernate-core/6.2.9.Final/hibernate-core-6.2.9.Final.jar:/Users/roberthevesi/.m2/repository/jakarta/persistence/jakarta.persistence-api/3.1.0/jakarta.persistence-api-3.1.0.jar:/Users/roberthevesi/.m2/repository/jakarta/transaction/jakarta.transaction-api/2.0.1/jakarta.transaction-api-2.0.1.jar:/Users/roberthevesi/.m2/repository/org/jboss/logging/jboss-logging/3.5.3.Final/jboss-logging-3.5.3.Final.jar:/Users/roberthevesi/.m2/repository/org/hibernate/common/hibernate-commons-annotations/6.0.6.Final/hibernate-commons-annotations-6.0.6.Final.jar:/Users/roberthevesi/.m2/repository/io/smallrye/jandex/3.0.5/jandex-3.0.5.jar:/Users/roberthevesi/.m2/repository/com/fasterxml/classmate/1.5.1/classmate-1.5.1.jar:/Users/roberthevesi/.m2/repository/net/bytebuddy/byte-buddy/1.14.8/byte-buddy-1.14.8.jar:/Users/roberthevesi/.m2/repository/org/glassfish/jaxb/jaxb-runtime/4.0.3/jaxb-runtime-4.0.3.jar:/Users/roberthevesi/.m2/repository/org/glassfish/jaxb/jaxb-core/4.0.3/jaxb-core-4.0.3.jar:/Users/roberthevesi/.m2/repository/org/eclipse/angus/angus-activation/2.0.1/angus-activation-2.0.1.jar:/Users/roberthevesi/.m2/repository/org/glassfish/jaxb/txw2/4.0.3/txw2-4.0.3.jar:/Users/roberthevesi/.m2/repository/com/sun/istack/istack-commons-runtime/4.1.2/istack-commons-runtime-4.1.2.jar:/Users/roberthevesi/.m2/repository/jakarta/inject/jakarta.inject-api/2.0.1/jakarta.inject-api-2.0.1.jar:/Users/roberthevesi/.m2/repository/org/antlr/antlr4-runtime/4.10.1/antlr4-runtime-4.10.1.jar:/Users/roberthevesi/.m2/repository/org/springframework/data/spring-data-jpa/3.1.4/spring-data-jpa-3.1.4.jar:/Users/roberthevesi/.m2/repository/org/springframework/data/spring-data-commons/3.1.4/spring-data-commons-3.1.4.jar:/Users/roberthevesi/.m2/repository/org/springframework/spring-orm/6.0.12/spring-orm-6.0.12.jar:/Users/roberthevesi/.m2/repository/org/springframework/spring-tx/6.0.12/spring-tx-6.0.12.jar:/Users/roberthevesi/.m2/repository/org/springframework/spring-aspects/6.0.12/spring-aspects-6.0.12.jar:/Users/roberthevesi/.m2/repository/org/postgresql/postgresql/42.6.0/postgresql-42.6.0.jar:/Users/roberthevesi/.m2/repository/org/checkerframework/checker-qual/3.31.0/checker-qual-3.31.0.jar:/Users/roberthevesi/.m2/repository/org/springframework/boot/spring-boot-starter-web/3.1.4/spring-boot-starter-web-3.1.4.jar:/Users/roberthevesi/.m2/repository/org/springframework/boot/spring-boot-starter-json/3.1.4/spring-boot-starter-json-3.1.4.jar:/Users/roberthevesi/.m2/repository/com/fasterxml/jackson/datatype/jackson-datatype-jdk8/2.15.2/jackson-datatype-jdk8-2.15.2.jar:/Users/roberthevesi/.m2/repository/com/fasterxml/jackson/datatype/jackson-datatype-jsr310/2.15.2/jackson-datatype-jsr310-2.15.2.jar:/Users/roberthevesi/.m2/repository/com/fasterxml/jackson/module/jackson-module-parameter-names/2.15.2/jackson-module-parameter-names-2.15.2.jar:/Users/roberthevesi/.m2/repository/org/springframework/boot/spring-boot-starter-tomcat/3.1.4/spring-boot-starter-tomcat-3.1.4.jar:/Users/roberthevesi/.m2/repository/org/apache/tomcat/embed/tomcat-embed-core/10.1.13/tomcat-embed-core-10.1.13.jar:/Users/roberthevesi/.m2/repository/org/apache/tomcat/embed/tomcat-embed-el/10.1.13/tomcat-embed-el-10.1.13.jar:/Users/roberthevesi/.m2/repository/org/apache/tomcat/embed/tomcat-embed-websocket/10.1.13/tomcat-embed-websocket-10.1.13.jar:/Users/roberthevesi/.m2/repository/org/springframework/spring-web/6.0.12/spring-web-6.0.12.jar:/Users/roberthevesi/.m2/repository/org/springframework/spring-webmvc/6.0.12/spring-webmvc-6.0.12.jar:/Users/roberthevesi/.m2/repository/org/springframework/boot/spring-boot-starter-test/3.1.4/spring-boot-starter-test-3.1.4.jar:/Users/roberthevesi/.m2/repository/org/springframework/boot/spring-boot-test/3.1.4/spring-boot-test-3.1.4.jar:/Users/roberthevesi/.m2/repository/org/springframework/boot/spring-boot-test-autoconfigure/3.1.4/spring-boot-test-autoconfigure-3.1.4.jar:/Users/roberthevesi/.m2/repository/com/jayway/jsonpath/json-path/2.8.0/json-path-2.8.0.jar:/Users/roberthevesi/.m2/repository/jakarta/xml/bind/jakarta.xml.bind-api/4.0.1/jakarta.xml.bind-api-4.0.1.jar:/Users/roberthevesi/.m2/repository/jakarta/activation/jakarta.activation-api/2.1.2/jakarta.activation-api-2.1.2.jar:/Users/roberthevesi/.m2/repository/net/minidev/json-smart/2.4.11/json-smart-2.4.11.jar:/Users/roberthevesi/.m2/repository/net/minidev/accessors-smart/2.4.11/accessors-smart-2.4.11.jar:/Users/roberthevesi/.m2/repository/org/ow2/asm/asm/9.3/asm-9.3.jar:/Users/roberthevesi/.m2/repository/org/assertj/assertj-core/3.24.2/assertj-core-3.24.2.jar:/Users/roberthevesi/.m2/repository/org/hamcrest/hamcrest/2.2/hamcrest-2.2.jar:/Users/roberthevesi/.m2/repository/org/junit/jupiter/junit-jupiter/5.9.3/junit-jupiter-5.9.3.jar:/Users/roberthevesi/.m2/repository/org/junit/jupiter/junit-jupiter-api/5.9.3/junit-jupiter-api-5.9.3.jar:/Users/roberthevesi/.m2/repository/org/opentest4j/opentest4j/1.2.0/opentest4j-1.2.0.jar:/Users/roberthevesi/.m2/repository/org/junit/platform/junit-platform-commons/1.9.3/junit-platform-commons-1.9.3.jar:/Users/roberthevesi/.m2/repository/org/apiguardian/apiguardian-api/1.1.2/apiguardian-api-1.1.2.jar:/Users/roberthevesi/.m2/repository/org/junit/jupiter/junit-jupiter-params/5.9.3/junit-jupiter-params-5.9.3.jar:/Users/roberthevesi/.m2/repository/org/junit/jupiter/junit-jupiter-engine/5.9.3/junit-jupiter-engine-5.9.3.jar:/Users/roberthevesi/.m2/repository/org/junit/platform/junit-platform-engine/1.9.3/junit-platform-engine-1.9.3.jar:/Users/roberthevesi/.m2/repository/org/mockito/mockito-core/5.3.1/mockito-core-5.3.1.jar:/Users/roberthevesi/.m2/repository/net/bytebuddy/byte-buddy-agent/1.14.8/byte-buddy-agent-1.14.8.jar:/Users/roberthevesi/.m2/repository/org/objenesis/objenesis/3.3/objenesis-3.3.jar:/Users/roberthevesi/.m2/repository/org/mockito/mockito-junit-jupiter/5.3.1/mockito-junit-jupiter-5.3.1.jar:/Users/roberthevesi/.m2/repository/org/skyscreamer/jsonassert/1.5.1/jsonassert-1.5.1.jar:/Users/roberthevesi/.m2/repository/com/vaadin/external/google/android-json/0.0.20131108.vaadin1/android-json-0.0.20131108.vaadin1.jar:/Users/roberthevesi/.m2/repository/org/springframework/spring-test/6.0.12/spring-test-6.0.12.jar:/Users/roberthevesi/.m2/repository/org/xmlunit/xmlunit-core/2.9.1/xmlunit-core-2.9.1.jar:"/>
    <property name="sun.cpu.endian" value="little"/>
    <property name="user.home" value="/Users/roberthevesi"/>
    <property name="user.language" value="en"/>
    <property name="java.specification.vendor" value="Oracle Corporation"/>
    <property name="java.version.date" value="2023-09-19"/>
    <property name="java.home" value="/usr/local/Cellar/openjdk/21/libexec/openjdk.jdk/Contents/Home"/>
    <property name="file.separator" value="/"/>
    <property name="basedir" value="/Users/roberthevesi/Coding/music-mania/music-mania-backend"/>
    <property name="java.vm.compressedOopsMode" value="Zero based"/>
    <property name="line.separator" value="&#10;"/>
    <property name="java.vm.specification.vendor" value="Oracle Corporation"/>
    <property name="java.specification.name" value="Java Platform API Specification"/>
    <property name="FILE_LOG_CHARSET" value="UTF-8"/>
    <property name="java.awt.headless" value="true"/>
    <property name="apple.awt.application.name" value="ForkedBooter"/>
    <property name="surefire.real.class.path" value="/Users/roberthevesi/Coding/music-mania/music-mania-backend/target/surefire/surefirebooter-20231117001130574_3.jar"/>
    <property name="sun.management.compiler" value="HotSpot 64-Bit Tiered Compilers"/>
    <property name="ftp.nonProxyHosts" value="local|*.local|169.254/16|*.169.254/16"/>
    <property name="java.runtime.version" value="21"/>
    <property name="user.name" value="roberthevesi"/>
    <property name="stdout.encoding" value="UTF-8"/>
    <property name="path.separator" value=":"/>
    <property name="os.version" value="14.0"/>
    <property name="java.runtime.name" value="OpenJDK Runtime Environment"/>
    <property name="file.encoding" value="UTF-8"/>
    <property name="java.vm.name" value="OpenJDK 64-Bit Server VM"/>
    <property name="java.vendor.version" value="Homebrew"/>
    <property name="localRepository" value="/Users/roberthevesi/.m2/repository"/>
    <property name="java.vendor.url.bug" value="https://github.com/Homebrew/homebrew-core/issues"/>
    <property name="java.io.tmpdir" value="/var/folders/_w/kl4xvqnd6_q9v746200yzqjw0000gn/T/"/>
    <property name="com.zaxxer.hikari.pool_number" value="1"/>
    <property name="java.version" value="21"/>
    <property name="user.dir" value="/Users/roberthevesi/Coding/music-mania/music-mania-backend"/>
    <property name="os.arch" value="x86_64"/>
    <property name="java.vm.specification.name" value="Java Virtual Machine Specification"/>
    <property name="PID" value="55363"/>
    <property name="CONSOLE_LOG_CHARSET" value="UTF-8"/>
    <property name="native.encoding" value="UTF-8"/>
    <property name="java.library.path" value="/Users/roberthevesi/Library/Java/Extensions:/Library/Java/Extensions:/Network/Library/Java/Extensions:/System/Library/Java/Extensions:/usr/lib/java:."/>
    <property name="java.vm.info" value="mixed mode, sharing"/>
    <property name="stderr.encoding" value="UTF-8"/>
    <property name="java.vendor" value="Homebrew"/>
    <property name="java.vm.version" value="21"/>
    <property name="sun.io.unicode.encoding" value="UnicodeBig"/>
    <property name="socksNonProxyHosts" value="local|*.local|169.254/16|*.169.254/16"/>
    <property name="java.class.version" value="65.0"/>
  </properties>
  <testcase name="contextLoads" classname="musicmania.backend.BackendApplicationTests" time="0.707">
    <system-out><![CDATA[00:11:31.817 [main] INFO org.springframework.test.context.support.AnnotationConfigContextLoaderUtils -- Could not detect default configuration classes for test class [musicmania.backend.BackendApplicationTests]: BackendApplicationTests does not declare any static, non-private, non-final, nested classes annotated with @Configuration.
00:11:31.997 [main] INFO org.springframework.boot.test.context.SpringBootTestContextBootstrapper -- Found @SpringBootConfiguration musicmania.backend.BackendApplication for test class musicmania.backend.BackendApplicationTests

  .   ____          _            __ _ _
 /\\ / ___'_ __ _ _(_)_ __  __ _ \ \ \ \
( ( )\___ | '_ | '_| | '_ \/ _` | \ \ \ \
 \\/  ___)| |_)| | | | | || (_| |  ) ) ) )
  '  |____| .__|_| |_|_| |_\__, | / / / /
 =========|_|==============|___/=/_/_/_/
 :: Spring Boot ::                (v3.1.4)

2023-11-17T00:11:32.667+02:00  INFO 55363 --- [           main] m.backend.BackendApplicationTests        : Starting BackendApplicationTests using Java 21 with PID 55363 (started by roberthevesi in /Users/roberthevesi/Coding/music-mania/music-mania-backend)
2023-11-17T00:11:32.669+02:00  INFO 55363 --- [           main] m.backend.BackendApplicationTests        : No active profile set, falling back to 1 default profile: "default"
2023-11-17T00:11:33.946+02:00  INFO 55363 --- [           main] .s.d.r.c.RepositoryConfigurationDelegate : Bootstrapping Spring Data JPA repositories in DEFAULT mode.
2023-11-17T00:11:34.053+02:00  INFO 55363 --- [           main] .s.d.r.c.RepositoryConfigurationDelegate : Finished Spring Data repository scanning in 89 ms. Found 2 JPA repository interfaces.
2023-11-17T00:11:34.804+02:00  INFO 55363 --- [           main] o.hibernate.jpa.internal.util.LogHelper  : HHH000204: Processing PersistenceUnitInfo [name: default]
2023-11-17T00:11:34.928+02:00  INFO 55363 --- [           main] org.hibernate.Version                    : HHH000412: Hibernate ORM core version 6.2.9.Final
2023-11-17T00:11:34.931+02:00  INFO 55363 --- [           main] org.hibernate.cfg.Environment            : HHH000406: Using bytecode reflection optimizer
2023-11-17T00:11:35.216+02:00  INFO 55363 --- [           main] o.h.b.i.BytecodeProviderInitiator        : HHH000021: Bytecode provider name : bytebuddy
2023-11-17T00:11:35.449+02:00  INFO 55363 --- [           main] o.s.o.j.p.SpringPersistenceUnitInfo      : No LoadTimeWeaver setup: ignoring JPA class transformer
2023-11-17T00:11:35.476+02:00  INFO 55363 --- [           main] com.zaxxer.hikari.HikariDataSource       : HikariPool-1 - Starting...
2023-11-17T00:11:35.795+02:00  INFO 55363 --- [           main] com.zaxxer.hikari.pool.HikariPool        : HikariPool-1 - Added connection org.postgresql.jdbc.PgConnection@4bf4680c
2023-11-17T00:11:35.799+02:00  INFO 55363 --- [           main] com.zaxxer.hikari.HikariDataSource       : HikariPool-1 - Start completed.
2023-11-17T00:11:36.185+02:00  INFO 55363 --- [           main] o.h.b.i.BytecodeProviderInitiator        : HHH000021: Bytecode provider name : bytebuddy
2023-11-17T00:11:37.080+02:00  INFO 55363 --- [           main] o.h.e.t.j.p.i.JtaPlatformInitiator       : HHH000490: Using JtaPlatform implementation: [org.hibernate.engine.transaction.jta.platform.internal.NoJtaPlatform]
Hibernate: 
    drop table if exists songs cascade
Hibernate: 
    drop table if exists users cascade
Hibernate: 
    create table songs (
        id bigserial not null,
        artist varchar(255),
        title varchar(255),
        audio_data bytea,
        primary key (id)
    )
Hibernate: 
    create table users (
        score integer,
        id bigserial not null,
        email varchar(255),
        first_name varchar(255),
        last_name varchar(255),
        password varchar(255),
        profile_pictureurl varchar(255),
        username varchar(255),
        primary key (id)
    )
2023-11-17T00:11:37.221+02:00  INFO 55363 --- [           main] j.LocalContainerEntityManagerFactoryBean : Initialized JPA EntityManagerFactory for persistence unit 'default'
2023-11-17T00:11:37.930+02:00  WARN 55363 --- [           main] JpaBaseConfiguration$JpaWebConfiguration : spring.jpa.open-in-view is enabled by default. Therefore, database queries may be performed during view rendering. Explicitly configure spring.jpa.open-in-view to disable this warning
2023-11-17T00:11:38.227+02:00  INFO 55363 --- [           main] o.s.s.web.DefaultSecurityFilterChain     : Will secure Ant [pattern='/**'] with [org.springframework.security.web.session.DisableEncodeUrlFilter@1bb78ae, org.springframework.security.web.context.request.async.WebAsyncManagerIntegrationFilter@3ee2d546, org.springframework.security.web.context.SecurityContextHolderFilter@51f009ef, org.springframework.security.web.header.HeaderWriterFilter@52ba21e4, org.springframework.security.web.authentication.logout.LogoutFilter@84eafc2, org.springframework.security.oauth2.server.resource.web.authentication.BearerTokenAuthenticationFilter@3140ad41, org.springframework.security.web.authentication.www.BasicAuthenticationFilter@123e9094, org.springframework.security.web.savedrequest.RequestCacheAwareFilter@6c96346b, org.springframework.security.web.servletapi.SecurityContextHolderAwareRequestFilter@9734cae, org.springframework.security.web.authentication.AnonymousAuthenticationFilter@58be583e, org.springframework.security.web.session.SessionManagementFilter@7e9ed4df, org.springframework.security.web.access.ExceptionTranslationFilter@799206ad, org.springframework.security.web.access.intercept.FilterSecurityInterceptor@39451d92]
2023-11-17T00:11:38.908+02:00  INFO 55363 --- [           main] m.backend.BackendApplicationTests        : Started BackendApplicationTests in 6.653 seconds (process running for 8.218)
]]></system-out>
    <system-err><![CDATA[WARNING: A Java agent has been loaded dynamically (/Users/roberthevesi/.m2/repository/net/bytebuddy/byte-buddy-agent/1.14.8/byte-buddy-agent-1.14.8.jar)
WARNING: If a serviceability tool is in use, please run with -XX:+EnableDynamicAgentLoading to hide this warning
WARNING: If a serviceability tool is not in use, please run with -Djdk.instrument.traceUsage for more information
WARNING: Dynamic loading of agents will be disallowed by default in a future release
]]></system-err>
  </testcase>
</testsuite>